<?xml version="1.0" encoding="UTF-8"?>
<!-- Generated by org.testng.reporters.JUnitXMLReporter -->
<testsuite ignored="0" hostname="DESKTOP-USU743I" failures="0" tests="3" name="com.playground.api.test" time="2.351" errors="0" timestamp="2023-09-26T22:12:01 GST">
  <testcase classname="com.playground.api.test.Categories" name="categoryNotFound" time="2.227"/>
  <testcase classname="com.playground.api.test.Categories" name="getCategoryById" time="0.037"/>
  <testcase classname="com.playground.api.test.Categories" name="getCategoryByIdAndName" time="0.003"/>
</testsuite> <!-- com.playground.api.test -->
